-------------------------------------------------------------------------------
Test set: TestSuite
-------------------------------------------------------------------------------
Tests run: 3, Failures: 1, Errors: 0, Skipped: 2, Time elapsed: 0.482 sec <<< FAILURE! - in TestSuite
setUp(search.ItemSearch)  Time elapsed: 0.357 sec  <<< FAILURE!
org.testng.TestNGException: 

Method setUp requires 7 parameters but 0 were supplied in the @Configuration annotation.

