<?xml version="1.0" encoding="UTF-8"?>
<!-- Generated by org.testng.reporters.JUnitXMLReporter -->
<testsuite hostname="iqbal" name="Home Page" tests="1" failures="0" timestamp="8 May 2016 02:29:52 GMT" time="1.322" errors="0">
  <testcase name="@BeforeMethod setUp" time="0.0" classname="search.ItemSearch">
    <failure type="org.openqa.selenium.UnsupportedCommandException" message="Sauce Labs Authentication Error.
You used username &amp;apos;123nafees&amp;apos; and access key &amp;apos;Choudhury2&amp;apos; to authenticate, which are not valid Sauce Labs credentials.

The following desired capabilities were received:
{&amp;apos;browserName&amp;apos;: &amp;apos;chrome&amp;apos;,
 &amp;apos;platform&amp;apos;: &amp;apos;WIN10&amp;apos;,
 &amp;apos;version&amp;apos;: &amp;apos;34&amp;apos;}
Command duration or timeout: 865 milliseconds
Build info: version: &amp;apos;2.53.0&amp;apos;, revision: &amp;apos;35ae25b1534ae328c771e0856c93e187490ca824&amp;apos;, time: &amp;apos;2016-03-15 10:43:46&amp;apos;
System info: host: &amp;apos;iqbal&amp;apos;, ip: &amp;apos;192.168.83.1&amp;apos;, os.name: &amp;apos;Windows 10&amp;apos;, os.arch: &amp;apos;x86&amp;apos;, os.version: &amp;apos;10.0&amp;apos;, java.version: &amp;apos;1.8.0_71&amp;apos;
Driver info: org.openqa.selenium.remote.RemoteWebDriver">
      <![CDATA[org.openqa.selenium.UnsupportedCommandException: Sauce Labs Authentication Error.
You used username '123nafees' and access key 'Choudhury2' to authenticate, which are not valid Sauce Labs credentials.

The following desired capabilities were received:
{'browserName': 'chrome',
 'platform': 'WIN10',
 'version': '34'}
Command duration or timeout: 865 milliseconds
Build info: version: '2.53.0', revision: '35ae25b1534ae328c771e0856c93e187490ca824', time: '2016-03-15 10:43:46'
System info: host: 'iqbal', ip: '192.168.83.1', os.name: 'Windows 10', os.arch: 'x86', os.version: '10.0', java.version: '1.8.0_71'
Driver info: org.openqa.selenium.remote.RemoteWebDriver
	at org.openqa.selenium.remote.ErrorHandler.createThrowable(ErrorHandler.java:206)
	at org.openqa.selenium.remote.ErrorHandler.throwIfResponseFailed(ErrorHandler.java:158)
	at org.openqa.selenium.remote.RemoteWebDriver.execute(RemoteWebDriver.java:678)
	at org.openqa.selenium.remote.RemoteWebDriver.startSession(RemoteWebDriver.java:249)
	at org.openqa.selenium.remote.RemoteWebDriver.<init>(RemoteWebDriver.java:131)
	at org.openqa.selenium.remote.RemoteWebDriver.<init>(RemoteWebDriver.java:158)
	at base.CommonAPI.getCloudDriver(CommonAPI.java:69)
	at base.CommonAPI.setUp(CommonAPI.java:37)
... Removed 33 stack frames]]>
    </failure>
  </testcase> <!-- @BeforeMethod setUp -->
  <testcase name="@AfterMethod cleanUp" time="0.0" classname="search.ItemSearch">
    <skipped/>
  </testcase> <!-- @AfterMethod cleanUp -->
  <testcase name="dropDownSearch" time="0.001" classname="search.ItemSearch">
    <skipped/>
  </testcase> <!-- dropDownSearch -->
</testsuite> <!-- Home Page -->
